[    6430ms] [WARNING] Unrecognized feature: 'ambient-light-sensor'. @ https://smmm-z-raporu.onrender.com/static/js/react-dom.DmpKrvBr.js:0
[    6430ms] [WARNING] Unrecognized feature: 'battery'. @ https://smmm-z-raporu.onrender.com/static/js/react-dom.DmpKrvBr.js:0
[    6430ms] [WARNING] Unrecognized feature: 'document-domain'. @ https://smmm-z-raporu.onrender.com/static/js/react-dom.DmpKrvBr.js:0
[    6430ms] [WARNING] Unrecognized feature: 'layout-animations'. @ https://smmm-z-raporu.onrender.com/static/js/react-dom.DmpKrvBr.js:0
[    6430ms] [WARNING] Unrecognized feature: 'legacy-image-formats'. @ https://smmm-z-raporu.onrender.com/static/js/react-dom.DmpKrvBr.js:0
[    6430ms] [WARNING] Unrecognized feature: 'oversized-images'. @ https://smmm-z-raporu.onrender.com/static/js/react-dom.DmpKrvBr.js:0
[    6430ms] [WARNING] Unrecognized feature: 'vr'. @ https://smmm-z-raporu.onrender.com/static/js/react-dom.DmpKrvBr.js:0
[    6430ms] [WARNING] Unrecognized feature: 'wake-lock'. @ https://smmm-z-raporu.onrender.com/static/js/react-dom.DmpKrvBr.js:0
[    6440ms] [WARNING] An iframe which has both allow-scripts and allow-same-origin for its sandbox attribute can escape its sandboxing. @ about:srcdoc:0
[    8362ms] [VERBOSE] [DOM] Password field is not contained in a form: (More info: https://goo.gl/9p2vKq) %o @ https://smmm-z-raporu.onrender.com/:0
[   93738ms] [ERROR] Failed to load resource: the server responded with a status of 502 () @ https://smmm-z-raporu.onrender.com/static/js/Radio.fKttXiTy.js:0
[   93747ms] [ERROR] Failed to load resource: the server responded with a status of 502 () @ https://smmm-z-raporu.onrender.com/static/js/rehype-raw.B4onAIzj.js:0
[   93747ms] [ERROR] Failed to load resource: the server responded with a status of 502 () @ https://smmm-z-raporu.onrender.com/static/js/hastscript.BGKGo9FQ.js:0
[   93748ms] [ERROR] Failed to load resource: the server responded with a status of 502 () @ https://smmm-z-raporu.onrender.com/static/js/web-namespaces.BxZ_GhEx.js:0
[   93748ms] [ERROR] Failed to load resource: the server responded with a status of 502 () @ https://smmm-z-raporu.onrender.com/static/js/Selectbox.IGsNeZFC.js:0
[   93802ms] [ERROR] TypeError: Failed to fetch dynamically imported module: https://smmm-z-raporu.onrender.com/static/js/Radio.fKttXiTy.js @ https://smmm-z-raporu.onrender.com/static/js/react-dom.DmpKrvBr.js:7
[   93802ms] [ERROR] TypeError: Failed to fetch dynamically imported module: https://smmm-z-raporu.onrender.com/static/js/Radio.fKttXiTy.js
TypeError: Failed to fetch dynamically imported module: https://smmm-z-raporu.onrender.com/static/js/Radio.fKttXiTy.js @ https://smmm-z-raporu.onrender.com/static/js/StreamlitMarkdown.CwaSe4JX.js:58
[   93802ms] [ERROR] TypeError: Failed to fetch dynamically imported module: https://smmm-z-raporu.onrender.com/static/js/Radio.fKttXiTy.js @ https://smmm-z-raporu.onrender.com/static/js/react-dom.DmpKrvBr.js:7
[   93802ms] [ERROR] TypeError: Failed to fetch dynamically imported module: https://smmm-z-raporu.onrender.com/static/js/Radio.fKttXiTy.js
TypeError: Failed to fetch dynamically imported module: https://smmm-z-raporu.onrender.com/static/js/Radio.fKttXiTy.js @ https://smmm-z-raporu.onrender.com/static/js/StreamlitMarkdown.CwaSe4JX.js:58
[   93802ms] [ERROR] TypeError: Failed to fetch dynamically imported module: https://smmm-z-raporu.onrender.com/static/js/Radio.fKttXiTy.js @ https://smmm-z-raporu.onrender.com/static/js/react-dom.DmpKrvBr.js:7
[   93802ms] [ERROR] TypeError: Failed to fetch dynamically imported module: https://smmm-z-raporu.onrender.com/static/js/Radio.fKttXiTy.js
TypeError: Failed to fetch dynamically imported module: https://smmm-z-raporu.onrender.com/static/js/Radio.fKttXiTy.js @ https://smmm-z-raporu.onrender.com/static/js/StreamlitMarkdown.CwaSe4JX.js:58
[   93803ms] [ERROR] TypeError: Failed to fetch dynamically imported module: https://smmm-z-raporu.onrender.com/static/js/Selectbox.IGsNeZFC.js @ https://smmm-z-raporu.onrender.com/static/js/react-dom.DmpKrvBr.js:7
[   93803ms] [ERROR] TypeError: Failed to fetch dynamically imported module: https://smmm-z-raporu.onrender.com/static/js/Selectbox.IGsNeZFC.js
TypeError: Failed to fetch dynamically imported module: https://smmm-z-raporu.onrender.com/static/js/Selectbox.IGsNeZFC.js @ https://smmm-z-raporu.onrender.com/static/js/StreamlitMarkdown.CwaSe4JX.js:58
[   93991ms] [ERROR] Failed to load resource: the server responded with a status of 502 () @ https://smmm-z-raporu.onrender.com/static/media/SourceCodeVF-Upright.ttf.BjWn63N-.woff2:0
[  113735ms] [WARNING] WebSocket onclose @ https://smmm-z-raporu.onrender.com/static/js/index.BfkDCGNp.js:64
